C:\Program Files (x86)\Microsoft Visual Studio\2017\Community\Common7\IDE\VC\VCTargets\Microsoft.CppBuild.targets(391,5): warning MSB8028: The intermediate directory (x64\Debug\) contains files shared from another project (OBJReader.vcxproj).  This can lead to incorrect clean and rebuild behavior.
  OBJReader.cpp
c:\users\gabriel\dev\git\objreader\pista\objreader.cpp(284): warning C4101: 'e': variável local não referenciada
  Renderer.cpp
c:\users\gabriel\dev\git\objreader\pista\renderer.cpp(140): warning C4267: 'argumento': conversão de 'size_t' para 'GLsizei', possível perda de dados
c:\users\gabriel\dev\git\objreader\pista\renderer.cpp(145): warning C4267: 'argumento': conversão de 'size_t' para 'GLsizei', possível perda de dados
c:\users\gabriel\dev\git\objreader\pista\renderer.cpp(149): warning C4267: 'argumento': conversão de 'size_t' para 'GLsizei', possível perda de dados
c:\users\gabriel\dev\git\objreader\pista\renderer.cpp(153): warning C4267: 'argumento': conversão de 'size_t' para 'GLsizei', possível perda de dados
c:\users\gabriel\dev\git\objreader\pista\renderer.cpp(161): warning C4267: 'argumento': conversão de 'size_t' para 'GLsizei', possível perda de dados
c:\users\gabriel\dev\git\objreader\pista\renderer.cpp(303): warning C4267: 'argumento': conversão de 'size_t' para 'int', possível perda de dados
c:\users\gabriel\dev\git\objreader\pista\renderer.cpp(304): warning C4267: 'argumento': conversão de 'size_t' para 'int', possível perda de dados
c:\users\gabriel\dev\git\objreader\pista\renderer.cpp(306): warning C4267: 'argumento': conversão de 'size_t' para 'int', possível perda de dados
c:\users\gabriel\dev\git\objreader\pista\renderer.cpp(358): warning C4101: 'e': variável local não referenciada
c:\users\gabriel\dev\git\objreader\pista\renderer.cpp(418): warning C4101: 'e': variável local não referenciada
c:\users\gabriel\dev\git\objreader\pista\renderer.cpp(438): warning C4305: 'inicializando': truncamento de 'int' para 'float'
c:\users\gabriel\dev\git\objreader\pista\renderer.cpp(445): warning C4267: '=': conversão de 'size_t' para 'int', possível perda de dados
  Gerando Código...
  SOIL.lib(SOIL.obj) : MSIL .netmodule ou módulo compilado com /GL encontrado; reiniciando link com /LTCG; adicione /LTCG ao link da linha de comando para melhorar performance do vinculador
LINK : warning LNK4075: ignorando '/INCREMENTAL' devido a especificaþÒo '/LTCG'
LINK : warning LNK4098: defaultlib 'MSVCRT' conflita com uso de outras bibliotecas; use /NODEFAULTLIB:library
  Gerando c¾digo
  Finalizada a geraþÒo de c¾digo
SOIL.lib(SOIL.obj) : warning LNK4099: PDB 'vc110.pdb' nÒo foi encontrado 'SOIL.lib(SOIL.obj)' ou no 'C:\Users\Gabriel\Dev\Git\OBJReader\x64\Debug\vc110.pdb'; vinculando objeto quando quando sem nenhuma informaþÒo de depuraþÒo
SOIL.lib(stb_image_aug.obj) : warning LNK4099: PDB 'vc110.pdb' nÒo foi encontrado 'SOIL.lib(stb_image_aug.obj)' ou no 'C:\Users\Gabriel\Dev\Git\OBJReader\x64\Debug\vc110.pdb'; vinculando objeto quando quando sem nenhuma informaþÒo de depuraþÒo
SOIL.lib(image_helper.obj) : warning LNK4099: PDB 'vc110.pdb' nÒo foi encontrado 'SOIL.lib(image_helper.obj)' ou no 'C:\Users\Gabriel\Dev\Git\OBJReader\x64\Debug\vc110.pdb'; vinculando objeto quando quando sem nenhuma informaþÒo de depuraþÒo
SOIL.lib(image_DXT.obj) : warning LNK4099: PDB 'vc110.pdb' nÒo foi encontrado 'SOIL.lib(image_DXT.obj)' ou no 'C:\Users\Gabriel\Dev\Git\OBJReader\x64\Debug\vc110.pdb'; vinculando objeto quando quando sem nenhuma informaþÒo de depuraþÒo
  Pista.vcxproj -> C:\Users\Gabriel\Dev\Git\OBJReader\x64\Debug\Pista.exe
